{"/home/tarek/QR Software/QR_G1_Back/src/routes/page.js": {"path":"/home/tarek/QR Software/QR_G1_Back/src/routes/page.js","statementMap":{"0":{"start":{"line":1,"column":16},"end":{"line":1,"column":34}},"1":{"start":{"line":2,"column":17},"end":{"line":2,"column":39}},"2":{"start":{"line":3,"column":15},"end":{"line":3,"column":31}},"3":{"start":{"line":6,"column":0},"end":{"line":13,"column":3}},"4":{"start":{"line":7,"column":28},"end":{"line":7,"column":67}},"5":{"start":{"line":8,"column":4},"end":{"line":8,"column":69}},"6":{"start":{"line":8,"column":15},"end":{"line":8,"column":69}},"7":{"start":{"line":9,"column":4},"end":{"line":12,"column":5}},"8":{"start":{"line":16,"column":0},"end":{"line":24,"column":3}},"9":{"start":{"line":17,"column":19},"end":{"line":17,"column":29}},"10":{"start":{"line":18,"column":28},"end":{"line":18,"column":89}},"11":{"start":{"line":19,"column":4},"end":{"line":19,"column":69}},"12":{"start":{"line":19,"column":15},"end":{"line":19,"column":69}},"13":{"start":{"line":20,"column":4},"end":{"line":23,"column":5}},"14":{"start":{"line":27,"column":0},"end":{"line":36,"column":3}},"15":{"start":{"line":28,"column":19},"end":{"line":28,"column":29}},"16":{"start":{"line":29,"column":17},"end":{"line":29,"column":25}},"17":{"start":{"line":30,"column":28},"end":{"line":30,"column":99}},"18":{"start":{"line":31,"column":4},"end":{"line":31,"column":69}},"19":{"start":{"line":31,"column":15},"end":{"line":31,"column":69}},"20":{"start":{"line":32,"column":4},"end":{"line":35,"column":7}},"21":{"start":{"line":38,"column":0},"end":{"line":38,"column":24}}},"fnMap":{"0":{"name":"(anonymous_0)","decl":{"start":{"line":6,"column":16},"end":{"line":6,"column":17}},"loc":{"start":{"line":6,"column":37},"end":{"line":13,"column":1}},"line":6},"1":{"name":"(anonymous_1)","decl":{"start":{"line":16,"column":19},"end":{"line":16,"column":20}},"loc":{"start":{"line":16,"column":39},"end":{"line":24,"column":1}},"line":16},"2":{"name":"(anonymous_2)","decl":{"start":{"line":27,"column":19},"end":{"line":27,"column":20}},"loc":{"start":{"line":27,"column":39},"end":{"line":36,"column":1}},"line":27}},"branchMap":{"0":{"loc":{"start":{"line":8,"column":4},"end":{"line":8,"column":69}},"type":"if","locations":[{"start":{"line":8,"column":4},"end":{"line":8,"column":69}},{"start":{},"end":{}}],"line":8},"1":{"loc":{"start":{"line":19,"column":4},"end":{"line":19,"column":69}},"type":"if","locations":[{"start":{"line":19,"column":4},"end":{"line":19,"column":69}},{"start":{},"end":{}}],"line":19},"2":{"loc":{"start":{"line":31,"column":4},"end":{"line":31,"column":69}},"type":"if","locations":[{"start":{"line":31,"column":4},"end":{"line":31,"column":69}},{"start":{},"end":{}}],"line":31}},"s":{"0":6,"1":6,"2":6,"3":6,"4":2,"5":2,"6":1,"7":1,"8":6,"9":2,"10":2,"11":2,"12":1,"13":1,"14":6,"15":2,"16":2,"17":2,"18":2,"19":1,"20":1,"21":6},"f":{"0":2,"1":2,"2":2},"b":{"0":[1,1],"1":[1,1],"2":[1,1]},"_coverageSchema":"1a1c01bbd47fc00a2c39e90264f33305004495a9","hash":"b8490d3d1c4001e0cf3b667ba68e8582519fd1d8"}
,"/home/tarek/QR Software/QR_G1_Back/src/routes/page_view_log.js": {"path":"/home/tarek/QR Software/QR_G1_Back/src/routes/page_view_log.js","statementMap":{"0":{"start":{"line":1,"column":16},"end":{"line":1,"column":34}},"1":{"start":{"line":2,"column":17},"end":{"line":2,"column":39}},"2":{"start":{"line":3,"column":15},"end":{"line":3,"column":31}},"3":{"start":{"line":6,"column":0},"end":{"line":13,"column":3}},"4":{"start":{"line":7,"column":28},"end":{"line":7,"column":76}},"5":{"start":{"line":8,"column":4},"end":{"line":8,"column":69}},"6":{"start":{"line":8,"column":15},"end":{"line":8,"column":69}},"7":{"start":{"line":9,"column":4},"end":{"line":12,"column":7}},"8":{"start":{"line":16,"column":0},"end":{"line":24,"column":3}},"9":{"start":{"line":17,"column":19},"end":{"line":17,"column":29}},"10":{"start":{"line":18,"column":28},"end":{"line":18,"column":98}},"11":{"start":{"line":19,"column":4},"end":{"line":19,"column":69}},"12":{"start":{"line":19,"column":15},"end":{"line":19,"column":69}},"13":{"start":{"line":20,"column":4},"end":{"line":23,"column":7}},"14":{"start":{"line":27,"column":0},"end":{"line":35,"column":3}},"15":{"start":{"line":28,"column":17},"end":{"line":28,"column":25}},"16":{"start":{"line":29,"column":28},"end":{"line":29,"column":95}},"17":{"start":{"line":30,"column":4},"end":{"line":30,"column":69}},"18":{"start":{"line":30,"column":15},"end":{"line":30,"column":69}},"19":{"start":{"line":31,"column":4},"end":{"line":34,"column":7}},"20":{"start":{"line":37,"column":0},"end":{"line":37,"column":24}}},"fnMap":{"0":{"name":"(anonymous_0)","decl":{"start":{"line":6,"column":16},"end":{"line":6,"column":17}},"loc":{"start":{"line":6,"column":37},"end":{"line":13,"column":1}},"line":6},"1":{"name":"(anonymous_1)","decl":{"start":{"line":16,"column":19},"end":{"line":16,"column":20}},"loc":{"start":{"line":16,"column":39},"end":{"line":24,"column":1}},"line":16},"2":{"name":"(anonymous_2)","decl":{"start":{"line":27,"column":17},"end":{"line":27,"column":18}},"loc":{"start":{"line":27,"column":37},"end":{"line":35,"column":1}},"line":27}},"branchMap":{"0":{"loc":{"start":{"line":8,"column":4},"end":{"line":8,"column":69}},"type":"if","locations":[{"start":{"line":8,"column":4},"end":{"line":8,"column":69}},{"start":{},"end":{}}],"line":8},"1":{"loc":{"start":{"line":19,"column":4},"end":{"line":19,"column":69}},"type":"if","locations":[{"start":{"line":19,"column":4},"end":{"line":19,"column":69}},{"start":{},"end":{}}],"line":19},"2":{"loc":{"start":{"line":30,"column":4},"end":{"line":30,"column":69}},"type":"if","locations":[{"start":{"line":30,"column":4},"end":{"line":30,"column":69}},{"start":{},"end":{}}],"line":30}},"s":{"0":6,"1":6,"2":6,"3":6,"4":2,"5":2,"6":1,"7":1,"8":6,"9":2,"10":2,"11":2,"12":1,"13":1,"14":6,"15":2,"16":2,"17":2,"18":1,"19":1,"20":6},"f":{"0":2,"1":2,"2":2},"b":{"0":[1,1],"1":[1,1],"2":[1,1]},"_coverageSchema":"1a1c01bbd47fc00a2c39e90264f33305004495a9","hash":"3c490e6829b6e4596e8d218f9a38a4759adf989f"}
,"/home/tarek/QR Software/QR_G1_Back/src/routes/qr.js": {"path":"/home/tarek/QR Software/QR_G1_Back/src/routes/qr.js","statementMap":{"0":{"start":{"line":1,"column":16},"end":{"line":1,"column":34}},"1":{"start":{"line":2,"column":17},"end":{"line":2,"column":39}},"2":{"start":{"line":3,"column":15},"end":{"line":3,"column":31}},"3":{"start":{"line":6,"column":0},"end":{"line":13,"column":3}},"4":{"start":{"line":7,"column":28},"end":{"line":7,"column":65}},"5":{"start":{"line":8,"column":4},"end":{"line":8,"column":69}},"6":{"start":{"line":8,"column":15},"end":{"line":8,"column":69}},"7":{"start":{"line":9,"column":4},"end":{"line":12,"column":5}},"8":{"start":{"line":16,"column":0},"end":{"line":24,"column":3}},"9":{"start":{"line":17,"column":22},"end":{"line":17,"column":32}},"10":{"start":{"line":18,"column":28},"end":{"line":18,"column":93}},"11":{"start":{"line":19,"column":4},"end":{"line":19,"column":69}},"12":{"start":{"line":19,"column":15},"end":{"line":19,"column":69}},"13":{"start":{"line":20,"column":4},"end":{"line":23,"column":5}},"14":{"start":{"line":27,"column":0},"end":{"line":27,"column":24}}},"fnMap":{"0":{"name":"(anonymous_0)","decl":{"start":{"line":6,"column":16},"end":{"line":6,"column":17}},"loc":{"start":{"line":6,"column":37},"end":{"line":13,"column":1}},"line":6},"1":{"name":"(anonymous_1)","decl":{"start":{"line":16,"column":22},"end":{"line":16,"column":23}},"loc":{"start":{"line":16,"column":42},"end":{"line":24,"column":1}},"line":16}},"branchMap":{"0":{"loc":{"start":{"line":8,"column":4},"end":{"line":8,"column":69}},"type":"if","locations":[{"start":{"line":8,"column":4},"end":{"line":8,"column":69}},{"start":{},"end":{}}],"line":8},"1":{"loc":{"start":{"line":19,"column":4},"end":{"line":19,"column":69}},"type":"if","locations":[{"start":{"line":19,"column":4},"end":{"line":19,"column":69}},{"start":{},"end":{}}],"line":19}},"s":{"0":6,"1":6,"2":6,"3":6,"4":2,"5":2,"6":1,"7":1,"8":6,"9":2,"10":2,"11":2,"12":1,"13":1,"14":6},"f":{"0":2,"1":2},"b":{"0":[1,1],"1":[1,1]},"_coverageSchema":"1a1c01bbd47fc00a2c39e90264f33305004495a9","hash":"4fa6807f04a235637e6c27a8e411d4859b8cb65e"}
,"/home/tarek/QR Software/QR_G1_Back/src/routes/qr_scan_log.js": {"path":"/home/tarek/QR Software/QR_G1_Back/src/routes/qr_scan_log.js","statementMap":{"0":{"start":{"line":1,"column":16},"end":{"line":1,"column":34}},"1":{"start":{"line":2,"column":17},"end":{"line":2,"column":39}},"2":{"start":{"line":3,"column":15},"end":{"line":3,"column":31}},"3":{"start":{"line":6,"column":0},"end":{"line":13,"column":3}},"4":{"start":{"line":7,"column":28},"end":{"line":7,"column":74}},"5":{"start":{"line":8,"column":4},"end":{"line":8,"column":69}},"6":{"start":{"line":8,"column":15},"end":{"line":8,"column":69}},"7":{"start":{"line":9,"column":4},"end":{"line":12,"column":7}},"8":{"start":{"line":16,"column":0},"end":{"line":24,"column":3}},"9":{"start":{"line":17,"column":19},"end":{"line":17,"column":29}},"10":{"start":{"line":18,"column":28},"end":{"line":18,"column":96}},"11":{"start":{"line":19,"column":4},"end":{"line":19,"column":69}},"12":{"start":{"line":19,"column":15},"end":{"line":19,"column":69}},"13":{"start":{"line":20,"column":4},"end":{"line":23,"column":7}},"14":{"start":{"line":27,"column":0},"end":{"line":35,"column":3}},"15":{"start":{"line":28,"column":17},"end":{"line":28,"column":25}},"16":{"start":{"line":29,"column":28},"end":{"line":29,"column":93}},"17":{"start":{"line":30,"column":4},"end":{"line":30,"column":69}},"18":{"start":{"line":30,"column":15},"end":{"line":30,"column":69}},"19":{"start":{"line":31,"column":4},"end":{"line":34,"column":7}},"20":{"start":{"line":37,"column":0},"end":{"line":37,"column":24}}},"fnMap":{"0":{"name":"(anonymous_0)","decl":{"start":{"line":6,"column":16},"end":{"line":6,"column":17}},"loc":{"start":{"line":6,"column":37},"end":{"line":13,"column":1}},"line":6},"1":{"name":"(anonymous_1)","decl":{"start":{"line":16,"column":19},"end":{"line":16,"column":20}},"loc":{"start":{"line":16,"column":39},"end":{"line":24,"column":1}},"line":16},"2":{"name":"(anonymous_2)","decl":{"start":{"line":27,"column":17},"end":{"line":27,"column":18}},"loc":{"start":{"line":27,"column":37},"end":{"line":35,"column":1}},"line":27}},"branchMap":{"0":{"loc":{"start":{"line":8,"column":4},"end":{"line":8,"column":69}},"type":"if","locations":[{"start":{"line":8,"column":4},"end":{"line":8,"column":69}},{"start":{},"end":{}}],"line":8},"1":{"loc":{"start":{"line":19,"column":4},"end":{"line":19,"column":69}},"type":"if","locations":[{"start":{"line":19,"column":4},"end":{"line":19,"column":69}},{"start":{},"end":{}}],"line":19},"2":{"loc":{"start":{"line":30,"column":4},"end":{"line":30,"column":69}},"type":"if","locations":[{"start":{"line":30,"column":4},"end":{"line":30,"column":69}},{"start":{},"end":{}}],"line":30}},"s":{"0":6,"1":6,"2":6,"3":6,"4":2,"5":2,"6":1,"7":1,"8":6,"9":2,"10":2,"11":2,"12":1,"13":1,"14":6,"15":2,"16":2,"17":2,"18":1,"19":1,"20":6},"f":{"0":2,"1":2,"2":2},"b":{"0":[1,1],"1":[1,1],"2":[1,1]},"_coverageSchema":"1a1c01bbd47fc00a2c39e90264f33305004495a9","hash":"afc4af1cb2d4e69682d117e296dcd0c8ede12b88"}
,"/home/tarek/QR Software/QR_G1_Back/src/routes/request.js": {"path":"/home/tarek/QR Software/QR_G1_Back/src/routes/request.js","statementMap":{"0":{"start":{"line":1,"column":16},"end":{"line":1,"column":34}},"1":{"start":{"line":2,"column":17},"end":{"line":2,"column":39}},"2":{"start":{"line":3,"column":15},"end":{"line":3,"column":31}},"3":{"start":{"line":4,"column":35},"end":{"line":4,"column":71}},"4":{"start":{"line":7,"column":0},"end":{"line":14,"column":3}},"5":{"start":{"line":8,"column":28},"end":{"line":8,"column":70}},"6":{"start":{"line":9,"column":4},"end":{"line":9,"column":69}},"7":{"start":{"line":9,"column":15},"end":{"line":9,"column":69}},"8":{"start":{"line":10,"column":4},"end":{"line":13,"column":7}},"9":{"start":{"line":17,"column":0},"end":{"line":25,"column":3}},"10":{"start":{"line":18,"column":19},"end":{"line":18,"column":29}},"11":{"start":{"line":19,"column":28},"end":{"line":19,"column":92}},"12":{"start":{"line":20,"column":4},"end":{"line":20,"column":69}},"13":{"start":{"line":20,"column":15},"end":{"line":20,"column":69}},"14":{"start":{"line":21,"column":4},"end":{"line":24,"column":7}},"15":{"start":{"line":28,"column":0},"end":{"line":40,"column":3}},"16":{"start":{"line":29,"column":2},"end":{"line":39,"column":3}},"17":{"start":{"line":30,"column":17},"end":{"line":30,"column":25}},"18":{"start":{"line":31,"column":28},"end":{"line":31,"column":89}},"19":{"start":{"line":33,"column":4},"end":{"line":33,"column":69}},"20":{"start":{"line":33,"column":15},"end":{"line":33,"column":69}},"21":{"start":{"line":34,"column":4},"end":{"line":34,"column":63}},"22":{"start":{"line":35,"column":4},"end":{"line":35,"column":33}},"23":{"start":{"line":37,"column":4},"end":{"line":37,"column":23}},"24":{"start":{"line":38,"column":4},"end":{"line":38,"column":75}},"25":{"start":{"line":43,"column":0},"end":{"line":52,"column":3}},"26":{"start":{"line":44,"column":19},"end":{"line":44,"column":29}},"27":{"start":{"line":45,"column":17},"end":{"line":45,"column":25}},"28":{"start":{"line":46,"column":28},"end":{"line":46,"column":102}},"29":{"start":{"line":47,"column":4},"end":{"line":47,"column":69}},"30":{"start":{"line":47,"column":15},"end":{"line":47,"column":69}},"31":{"start":{"line":48,"column":4},"end":{"line":51,"column":7}},"32":{"start":{"line":55,"column":0},"end":{"line":63,"column":3}},"33":{"start":{"line":56,"column":19},"end":{"line":56,"column":29}},"34":{"start":{"line":57,"column":28},"end":{"line":57,"column":98}},"35":{"start":{"line":58,"column":4},"end":{"line":58,"column":69}},"36":{"start":{"line":58,"column":15},"end":{"line":58,"column":69}},"37":{"start":{"line":59,"column":4},"end":{"line":62,"column":7}},"38":{"start":{"line":65,"column":0},"end":{"line":65,"column":24}}},"fnMap":{"0":{"name":"(anonymous_0)","decl":{"start":{"line":7,"column":16},"end":{"line":7,"column":17}},"loc":{"start":{"line":7,"column":37},"end":{"line":14,"column":1}},"line":7},"1":{"name":"(anonymous_1)","decl":{"start":{"line":17,"column":19},"end":{"line":17,"column":20}},"loc":{"start":{"line":17,"column":39},"end":{"line":25,"column":1}},"line":17},"2":{"name":"(anonymous_2)","decl":{"start":{"line":28,"column":17},"end":{"line":28,"column":18}},"loc":{"start":{"line":28,"column":37},"end":{"line":40,"column":1}},"line":28},"3":{"name":"(anonymous_3)","decl":{"start":{"line":43,"column":19},"end":{"line":43,"column":20}},"loc":{"start":{"line":43,"column":39},"end":{"line":52,"column":1}},"line":43},"4":{"name":"(anonymous_4)","decl":{"start":{"line":55,"column":22},"end":{"line":55,"column":23}},"loc":{"start":{"line":55,"column":42},"end":{"line":63,"column":1}},"line":55}},"branchMap":{"0":{"loc":{"start":{"line":9,"column":4},"end":{"line":9,"column":69}},"type":"if","locations":[{"start":{"line":9,"column":4},"end":{"line":9,"column":69}},{"start":{},"end":{}}],"line":9},"1":{"loc":{"start":{"line":20,"column":4},"end":{"line":20,"column":69}},"type":"if","locations":[{"start":{"line":20,"column":4},"end":{"line":20,"column":69}},{"start":{},"end":{}}],"line":20},"2":{"loc":{"start":{"line":33,"column":4},"end":{"line":33,"column":69}},"type":"if","locations":[{"start":{"line":33,"column":4},"end":{"line":33,"column":69}},{"start":{},"end":{}}],"line":33},"3":{"loc":{"start":{"line":47,"column":4},"end":{"line":47,"column":69}},"type":"if","locations":[{"start":{"line":47,"column":4},"end":{"line":47,"column":69}},{"start":{},"end":{}}],"line":47},"4":{"loc":{"start":{"line":58,"column":4},"end":{"line":58,"column":69}},"type":"if","locations":[{"start":{"line":58,"column":4},"end":{"line":58,"column":69}},{"start":{},"end":{}}],"line":58}},"s":{"0":6,"1":6,"2":6,"3":6,"4":6,"5":2,"6":2,"7":1,"8":1,"9":6,"10":2,"11":2,"12":2,"13":1,"14":1,"15":6,"16":3,"17":3,"18":3,"19":2,"20":1,"21":1,"22":1,"23":1,"24":1,"25":6,"26":2,"27":2,"28":2,"29":2,"30":1,"31":1,"32":6,"33":2,"34":2,"35":2,"36":1,"37":1,"38":6},"f":{"0":2,"1":2,"2":3,"3":2,"4":2},"b":{"0":[1,1],"1":[1,1],"2":[1,1],"3":[1,1],"4":[1,1]},"_coverageSchema":"1a1c01bbd47fc00a2c39e90264f33305004495a9","hash":"38444ddfec8d2dd4d332d4e177b028564d5c660f"}
,"/home/tarek/QR Software/QR_G1_Back/src/routes/staff.js": {"path":"/home/tarek/QR Software/QR_G1_Back/src/routes/staff.js","statementMap":{"0":{"start":{"line":1,"column":16},"end":{"line":1,"column":34}},"1":{"start":{"line":2,"column":17},"end":{"line":2,"column":39}},"2":{"start":{"line":3,"column":15},"end":{"line":3,"column":31}},"3":{"start":{"line":6,"column":0},"end":{"line":13,"column":3}},"4":{"start":{"line":7,"column":28},"end":{"line":7,"column":68}},"5":{"start":{"line":8,"column":4},"end":{"line":8,"column":69}},"6":{"start":{"line":8,"column":15},"end":{"line":8,"column":69}},"7":{"start":{"line":9,"column":4},"end":{"line":12,"column":5}},"8":{"start":{"line":16,"column":0},"end":{"line":24,"column":3}},"9":{"start":{"line":17,"column":19},"end":{"line":17,"column":29}},"10":{"start":{"line":18,"column":28},"end":{"line":18,"column":90}},"11":{"start":{"line":19,"column":4},"end":{"line":19,"column":69}},"12":{"start":{"line":19,"column":15},"end":{"line":19,"column":69}},"13":{"start":{"line":20,"column":4},"end":{"line":23,"column":5}},"14":{"start":{"line":26,"column":0},"end":{"line":26,"column":24}}},"fnMap":{"0":{"name":"(anonymous_0)","decl":{"start":{"line":6,"column":16},"end":{"line":6,"column":17}},"loc":{"start":{"line":6,"column":37},"end":{"line":13,"column":1}},"line":6},"1":{"name":"(anonymous_1)","decl":{"start":{"line":16,"column":19},"end":{"line":16,"column":20}},"loc":{"start":{"line":16,"column":39},"end":{"line":24,"column":1}},"line":16}},"branchMap":{"0":{"loc":{"start":{"line":8,"column":4},"end":{"line":8,"column":69}},"type":"if","locations":[{"start":{"line":8,"column":4},"end":{"line":8,"column":69}},{"start":{},"end":{}}],"line":8},"1":{"loc":{"start":{"line":19,"column":4},"end":{"line":19,"column":69}},"type":"if","locations":[{"start":{"line":19,"column":4},"end":{"line":19,"column":69}},{"start":{},"end":{}}],"line":19}},"s":{"0":6,"1":6,"2":6,"3":6,"4":2,"5":2,"6":1,"7":1,"8":6,"9":2,"10":2,"11":2,"12":1,"13":1,"14":6},"f":{"0":2,"1":2},"b":{"0":[1,1],"1":[1,1]},"_coverageSchema":"1a1c01bbd47fc00a2c39e90264f33305004495a9","hash":"13993f4b8265cab4f77bee9e6fbc097354f6152e"}
}
