TN:
SF:src/routes/page.js
FN:6,(anonymous_0)
FN:16,(anonymous_1)
FN:27,(anonymous_2)
FNF:3
FNH:3
FNDA:2,(anonymous_0)
FNDA:2,(anonymous_1)
FNDA:2,(anonymous_2)
DA:1,6
DA:2,6
DA:3,6
DA:6,6
DA:7,2
DA:8,2
DA:9,1
DA:16,6
DA:17,2
DA:18,2
DA:19,2
DA:20,1
DA:27,6
DA:28,2
DA:29,2
DA:30,2
DA:31,2
DA:32,1
DA:38,6
LF:19
LH:19
BRDA:8,0,0,1
BRDA:8,0,1,1
BRDA:19,1,0,1
BRDA:19,1,1,1
BRDA:31,2,0,1
BRDA:31,2,1,1
BRF:6
BRH:6
end_of_record
TN:
SF:src/routes/page_view_log.js
FN:6,(anonymous_0)
FN:16,(anonymous_1)
FN:27,(anonymous_2)
FNF:3
FNH:3
FNDA:2,(anonymous_0)
FNDA:2,(anonymous_1)
FNDA:2,(anonymous_2)
DA:1,6
DA:2,6
DA:3,6
DA:6,6
DA:7,2
DA:8,2
DA:9,1
DA:16,6
DA:17,2
DA:18,2
DA:19,2
DA:20,1
DA:27,6
DA:28,2
DA:29,2
DA:30,2
DA:31,1
DA:37,6
LF:18
LH:18
BRDA:8,0,0,1
BRDA:8,0,1,1
BRDA:19,1,0,1
BRDA:19,1,1,1
BRDA:30,2,0,1
BRDA:30,2,1,1
BRF:6
BRH:6
end_of_record
TN:
SF:src/routes/qr.js
FN:6,(anonymous_0)
FN:16,(anonymous_1)
FNF:2
FNH:2
FNDA:2,(anonymous_0)
FNDA:2,(anonymous_1)
DA:1,6
DA:2,6
DA:3,6
DA:6,6
DA:7,2
DA:8,2
DA:9,1
DA:16,6
DA:17,2
DA:18,2
DA:19,2
DA:20,1
DA:27,6
LF:13
LH:13
BRDA:8,0,0,1
BRDA:8,0,1,1
BRDA:19,1,0,1
BRDA:19,1,1,1
BRF:4
BRH:4
end_of_record
TN:
SF:src/routes/qr_scan_log.js
FN:6,(anonymous_0)
FN:16,(anonymous_1)
FN:27,(anonymous_2)
FNF:3
FNH:3
FNDA:2,(anonymous_0)
FNDA:2,(anonymous_1)
FNDA:2,(anonymous_2)
DA:1,6
DA:2,6
DA:3,6
DA:6,6
DA:7,2
DA:8,2
DA:9,1
DA:16,6
DA:17,2
DA:18,2
DA:19,2
DA:20,1
DA:27,6
DA:28,2
DA:29,2
DA:30,2
DA:31,1
DA:37,6
LF:18
LH:18
BRDA:8,0,0,1
BRDA:8,0,1,1
BRDA:19,1,0,1
BRDA:19,1,1,1
BRDA:30,2,0,1
BRDA:30,2,1,1
BRF:6
BRH:6
end_of_record
TN:
SF:src/routes/request.js
FN:7,(anonymous_0)
FN:17,(anonymous_1)
FN:28,(anonymous_2)
FN:43,(anonymous_3)
FN:55,(anonymous_4)
FNF:5
FNH:5
FNDA:2,(anonymous_0)
FNDA:2,(anonymous_1)
FNDA:3,(anonymous_2)
FNDA:2,(anonymous_3)
FNDA:2,(anonymous_4)
DA:1,6
DA:2,6
DA:3,6
DA:4,6
DA:7,6
DA:8,2
DA:9,2
DA:10,1
DA:17,6
DA:18,2
DA:19,2
DA:20,2
DA:21,1
DA:28,6
DA:29,3
DA:30,3
DA:31,3
DA:33,2
DA:34,1
DA:35,1
DA:37,1
DA:38,1
DA:43,6
DA:44,2
DA:45,2
DA:46,2
DA:47,2
DA:48,1
DA:55,6
DA:56,2
DA:57,2
DA:58,2
DA:59,1
DA:65,6
LF:34
LH:34
BRDA:9,0,0,1
BRDA:9,0,1,1
BRDA:20,1,0,1
BRDA:20,1,1,1
BRDA:33,2,0,1
BRDA:33,2,1,1
BRDA:47,3,0,1
BRDA:47,3,1,1
BRDA:58,4,0,1
BRDA:58,4,1,1
BRF:10
BRH:10
end_of_record
TN:
SF:src/routes/staff.js
FN:6,(anonymous_0)
FN:16,(anonymous_1)
FNF:2
FNH:2
FNDA:2,(anonymous_0)
FNDA:2,(anonymous_1)
DA:1,6
DA:2,6
DA:3,6
DA:6,6
DA:7,2
DA:8,2
DA:9,1
DA:16,6
DA:17,2
DA:18,2
DA:19,2
DA:20,1
DA:26,6
LF:13
LH:13
BRDA:8,0,0,1
BRDA:8,0,1,1
BRDA:19,1,0,1
BRDA:19,1,1,1
BRF:4
BRH:4
end_of_record
