TN:
SF:src/index.js
FN:26,(anonymous_0)
FNF:1
FNH:0
FNDA:0,(anonymous_0)
DA:1,6
DA:2,6
DA:3,6
DA:4,6
DA:5,6
DA:6,6
DA:8,6
DA:10,6
DA:11,6
DA:12,6
DA:13,6
DA:16,6
DA:17,6
DA:19,6
DA:20,6
DA:21,6
DA:22,6
DA:23,6
DA:24,6
DA:26,6
DA:28,6
DA:30,6
LF:22
LH:22
BRF:0
BRH:0
end_of_record
TN:
SF:src/routes/page.js
FN:6,(anonymous_0)
FN:16,(anonymous_1)
FN:27,(anonymous_2)
FNF:3
FNH:3
FNDA:1,(anonymous_0)
FNDA:1,(anonymous_1)
FNDA:1,(anonymous_2)
DA:1,6
DA:2,6
DA:3,6
DA:6,6
DA:7,1
DA:8,1
DA:9,1
DA:16,6
DA:17,1
DA:18,1
DA:19,1
DA:20,1
DA:27,6
DA:28,1
DA:29,1
DA:30,1
DA:31,1
DA:32,1
DA:38,6
LF:19
LH:19
BRDA:8,0,0,0
BRDA:8,0,1,1
BRDA:19,1,0,0
BRDA:19,1,1,1
BRDA:31,2,0,0
BRDA:31,2,1,1
BRF:6
BRH:3
end_of_record
TN:
SF:src/routes/page_view_log.js
FN:6,(anonymous_0)
FN:16,(anonymous_1)
FN:27,(anonymous_2)
FNF:3
FNH:3
FNDA:1,(anonymous_0)
FNDA:1,(anonymous_1)
FNDA:1,(anonymous_2)
DA:1,6
DA:2,6
DA:3,6
DA:6,6
DA:7,1
DA:8,1
DA:9,1
DA:16,6
DA:17,1
DA:18,1
DA:19,1
DA:20,1
DA:27,6
DA:28,1
DA:29,1
DA:30,1
DA:31,1
DA:37,6
LF:18
LH:18
BRDA:8,0,0,0
BRDA:8,0,1,1
BRDA:19,1,0,0
BRDA:19,1,1,1
BRDA:30,2,0,0
BRDA:30,2,1,1
BRF:6
BRH:3
end_of_record
TN:
SF:src/routes/qr.js
FN:6,(anonymous_0)
FN:16,(anonymous_1)
FNF:2
FNH:2
FNDA:1,(anonymous_0)
FNDA:1,(anonymous_1)
DA:1,6
DA:2,6
DA:3,6
DA:6,6
DA:7,1
DA:8,1
DA:9,1
DA:16,6
DA:17,1
DA:18,1
DA:19,1
DA:20,1
DA:27,6
LF:13
LH:13
BRDA:8,0,0,0
BRDA:8,0,1,1
BRDA:19,1,0,0
BRDA:19,1,1,1
BRF:4
BRH:2
end_of_record
TN:
SF:src/routes/qr_scan_log.js
FN:6,(anonymous_0)
FN:16,(anonymous_1)
FN:27,(anonymous_2)
FNF:3
FNH:3
FNDA:1,(anonymous_0)
FNDA:1,(anonymous_1)
FNDA:1,(anonymous_2)
DA:1,6
DA:2,6
DA:3,6
DA:6,6
DA:7,1
DA:8,1
DA:9,1
DA:16,6
DA:17,1
DA:18,1
DA:19,1
DA:20,1
DA:27,6
DA:28,1
DA:29,1
DA:30,1
DA:31,1
DA:37,6
LF:18
LH:18
BRDA:8,0,0,0
BRDA:8,0,1,1
BRDA:19,1,0,0
BRDA:19,1,1,1
BRDA:30,2,0,0
BRDA:30,2,1,1
BRF:6
BRH:3
end_of_record
TN:
SF:src/routes/request.js
FN:6,(anonymous_0)
FN:16,(anonymous_1)
FN:27,(anonymous_2)
FN:38,(anonymous_3)
FN:50,(anonymous_4)
FNF:5
FNH:5
FNDA:2,(anonymous_0)
FNDA:1,(anonymous_1)
FNDA:1,(anonymous_2)
FNDA:1,(anonymous_3)
FNDA:1,(anonymous_4)
DA:1,6
DA:2,6
DA:3,6
DA:6,6
DA:7,2
DA:8,2
DA:9,1
DA:16,6
DA:17,1
DA:18,1
DA:19,1
DA:20,1
DA:27,6
DA:28,1
DA:29,1
DA:30,1
DA:31,1
DA:38,6
DA:39,1
DA:40,1
DA:41,1
DA:42,1
DA:43,1
DA:50,6
DA:51,1
DA:52,1
DA:53,1
DA:54,1
DA:60,6
LF:29
LH:29
BRDA:8,0,0,1
BRDA:8,0,1,1
BRDA:19,1,0,0
BRDA:19,1,1,1
BRDA:30,2,0,0
BRDA:30,2,1,1
BRDA:42,3,0,0
BRDA:42,3,1,1
BRDA:53,4,0,0
BRDA:53,4,1,1
BRF:10
BRH:6
end_of_record
TN:
SF:src/routes/staff.js
FN:6,(anonymous_0)
FN:16,(anonymous_1)
FNF:2
FNH:2
FNDA:1,(anonymous_0)
FNDA:1,(anonymous_1)
DA:1,6
DA:2,6
DA:3,6
DA:6,6
DA:7,1
DA:8,1
DA:9,1
DA:16,6
DA:17,1
DA:18,1
DA:19,1
DA:20,1
DA:26,6
LF:13
LH:13
BRDA:8,0,0,0
BRDA:8,0,1,1
BRDA:19,1,0,0
BRDA:19,1,1,1
BRF:4
BRH:2
end_of_record
